<?xml version="1.0" encoding="UTF-8"?>
<!-- Generated by org.testng.reporters.JUnitReportReporter -->
<testsuite hostname="RajaNishi" failures="0" tests="1" name="scripts.TestCase1" time="28.778" errors="0" timestamp="2023-01-19T16:33:33 IST" skipped="0">
  <testcase classname="scripts.TestCase1" name="testCase1" time="28.778"/>
  <system-out/>
</testsuite> <!-- scripts.TestCase1 -->
