<?xml version="1.0" encoding="UTF-8"?>
<!-- Generated by org.testng.reporters.JUnitReportReporter -->
<testsuite hostname="RajaNishi" failures="0" tests="1" name="scripts.TestCase2" time="14.306" errors="0" timestamp="2023-01-02T23:27:37 IST" skipped="0">
  <testcase classname="scripts.TestCase2" name="testCase2" time="14.306"/>
  <system-out/>
</testsuite> <!-- scripts.TestCase2 -->
